<?xml version="1.0" encoding="UTF-8" ?>
<testsuite tests="9" failures="0" name="com.stelmachk.hibernate.model.service.ManagerTest" time="2.355" errors="0" skipped="0">
  <properties>
[...]
</properties>
  <testcase classname="com.stelmachk.hibernate.model.service.ManagerTest" name="sprawdzEdytuj" time="2.042"/>
  <testcase classname="com.stelmachk.hibernate.model.service.ManagerTest" name="sprawdzDodaj" time="0.026"/>
  <testcase classname="com.stelmachk.hibernate.model.service.ManagerTest" name="sprawdzUsun" time="0.053"/>
  <testcase classname="com.stelmachk.hibernate.model.service.ManagerTest" name="sprawdzUsunZaleznosci" time="0.055"/>
  <testcase classname="com.stelmachk.hibernate.model.service.ManagerTest" name="sprawdzDajWszystkie" time="0.046"/>
  <testcase classname="com.stelmachk.hibernate.model.service.ManagerTest" name="sprawdzWyszukajProgramy" time="0.041"/>
  <testcase classname="com.stelmachk.hibernate.model.service.ManagerTest" name="sprawdzUsuwanieKaskadowe" time="0.042"/>
  <testcase classname="com.stelmachk.hibernate.model.service.ManagerTest" name="sprawdzPobierzPoId" time="0.023"/>
  <testcase classname="com.stelmachk.hibernate.model.service.ManagerTest" name="sprawdzWyszukajProgramyWgWzorcaStacjii" time="0.027"/>
</testsuite>